<?xml version="1.0" encoding="UTF-8"?>
<!-- Generated by org.testng.reporters.JUnitXMLReporter -->
<testsuite ignored="0" hostname="Akki" failures="0" tests="3" name="RaghavTest" time="45.945" errors="0" timestamp="2022-05-27T13:09:39 IST">
  <testcase classname="com.Shanon.Leads.VerifyLeadCreation" name="createNewLeadTest" time="19.973"/>
  <testcase classname="com.Shanon.accounts.VerifyAccountsCreation" name="createAccountTest" time="4.931"/>
  <testcase classname="com.Shanon.Leads.VerifyLeads" name="verifyLeadsTabTest" time="1.97"/>
</testsuite> <!-- RaghavTest -->
