<?xml version="1.0" encoding="UTF-8"?>
<testng-results ignored="0" total="1" passed="1" failed="0" skipped="0">
  <reporter-output>
    <line>
      <![CDATA[Default test started]]>
    </line>
    <line>
      <![CDATA[LOGIN PAGE is Displayed]]>
    </line>
    <line>
      <![CDATA[createNewLeadTest method started]]>
    </line>
    <line>
      <![CDATA[CRM HOME PAGE is Displayed]]>
    </line>
    <line>
      <![CDATA[LEADS TEXT is Displayed, PASS]]>
    </line>
    <line>
      <![CDATA[CREATE LEAD PAGE is Displayed]]>
    </line>
    <line>
      <![CDATA[createNewLeadTest method PASSED]]>
    </line>
  </reporter-output>
  <suite started-at="2022-05-25T18:13:08 IST" name="Default suite" finished-at="2022-05-25T18:13:24 IST" duration-ms="15471">
    <groups>
    </groups>
    <test started-at="2022-05-25T18:13:08 IST" name="Default test" finished-at="2022-05-25T18:13:24 IST" duration-ms="15471">
      <class name="com.Shanon.Leads.VerifyLeadCreation">
        <test-method is-config="true" signature="openBrowser()[pri:0, instance:com.Shanon.Leads.VerifyLeadCreation@2e4b8173]" started-at="2022-05-25T18:13:08 IST" name="openBrowser" finished-at="2022-05-25T18:13:10 IST" duration-ms="2326" status="PASS">
          <reporter-output>
            <line>
              <![CDATA[LOGIN PAGE is Displayed]]>
            </line>
          </reporter-output>
        </test-method> <!-- openBrowser -->
        <test-method signature="createNewLeadTest()[pri:0, instance:com.Shanon.Leads.VerifyLeadCreation@2e4b8173]" started-at="2022-05-25T18:13:10 IST" name="createNewLeadTest" finished-at="2022-05-25T18:13:24 IST" duration-ms="13104" status="PASS">
          <reporter-output>
            <line>
              <![CDATA[createNewLeadTest method started]]>
            </line>
            <line>
              <![CDATA[CRM HOME PAGE is Displayed]]>
            </line>
            <line>
              <![CDATA[LEADS TEXT is Displayed, PASS]]>
            </line>
            <line>
              <![CDATA[CREATE LEAD PAGE is Displayed]]>
            </line>
            <line>
              <![CDATA[createNewLeadTest method PASSED]]>
            </line>
          </reporter-output>
        </test-method> <!-- createNewLeadTest -->
      </class> <!-- com.Shanon.Leads.VerifyLeadCreation -->
    </test> <!-- Default test -->
  </suite> <!-- Default suite -->
</testng-results>
